C:\Programs\Microsoft Visual Studio\2017\Community\Common7\IDE\VC\VCTargets\Microsoft.CppBuild.targets(391,5): warning MSB8028: промежуточный каталог (Debug\) содержит файлы, которые используются совместно с другим проектом (Server.vcxproj).  Это может привести к ошибкам очистки и перестроения.
  stdafx.cpp
  Error.cpp
  Server.cpp
d:\subject\bpsp\lab8-10\server\server.cpp(1): warning C4603: _WINSOCK_DEPRECATED_NO_WARNINGS: макрос не определен или определение изменилось после использования предкомпилированного заголовка
  d:\subject\bpsp\lab8-10\server\server.cpp(1): note: Добавление макроопределения в предкомпилированный заголовок вместо определения его здесь
  d:\subject\bpsp\lab8-10\server\server.cpp(4): note: использование предварительно скомпилированного заголовка
d:\subject\bpsp\lab8-10\server\server.cpp(2): warning C4603: _CRT_SECURE_NO_WARNINGS: макрос не определен или определение изменилось после использования предкомпилированного заголовка
  d:\subject\bpsp\lab8-10\server\server.cpp(2): note: Добавление макроопределения в предкомпилированный заголовок вместо определения его здесь
  d:\subject\bpsp\lab8-10\server\server.cpp(4): note: использование предварительно скомпилированного заголовка
d:\subject\bpsp\lab8-10\server\server.cpp(70): warning C4996: 'strcpy': This function or variable may be unsafe. Consider using strcpy_s instead. To disable deprecation, use _CRT_SECURE_NO_WARNINGS. See online help for details.
  c:\windows kits\10\include\10.0.17134.0\ucrt\string.h(133): note:  см. объявление "strcpy"
d:\subject\bpsp\lab8-10\server\server.cpp(77): warning C4996: 'strcpy': This function or variable may be unsafe. Consider using strcpy_s instead. To disable deprecation, use _CRT_SECURE_NO_WARNINGS. See online help for details.
  c:\windows kits\10\include\10.0.17134.0\ucrt\string.h(133): note:  см. объявление "strcpy"
d:\subject\bpsp\lab8-10\server\server.cpp(234): warning C4996: 'sprintf': This function or variable may be unsafe. Consider using sprintf_s instead. To disable deprecation, use _CRT_SECURE_NO_WARNINGS. See online help for details.
  c:\windows kits\10\include\10.0.17134.0\ucrt\stdio.h(1774): note:  см. объявление "sprintf"
d:\subject\bpsp\lab8-10\server\server.cpp(250): warning C4996: 'sprintf': This function or variable may be unsafe. Consider using sprintf_s instead. To disable deprecation, use _CRT_SECURE_NO_WARNINGS. See online help for details.
  c:\windows kits\10\include\10.0.17134.0\ucrt\stdio.h(1774): note:  см. объявление "sprintf"
d:\subject\bpsp\lab8-10\server\server.cpp(340): warning C4996: 'strcpy': This function or variable may be unsafe. Consider using strcpy_s instead. To disable deprecation, use _CRT_SECURE_NO_WARNINGS. See online help for details.
  c:\windows kits\10\include\10.0.17134.0\ucrt\string.h(133): note:  см. объявление "strcpy"
d:\subject\bpsp\lab8-10\server\server.cpp(444): warning C4996: 'inet_ntoa': Use inet_ntop() or InetNtop() instead or define _WINSOCK_DEPRECATED_NO_WARNINGS to disable deprecated API warnings
  c:\windows kits\10\include\10.0.17134.0\um\winsock2.h(1848): note:  см. объявление "inet_ntoa"
d:\subject\bpsp\lab8-10\server\server.cpp(469): warning C4996: 'strcpy': This function or variable may be unsafe. Consider using strcpy_s instead. To disable deprecation, use _CRT_SECURE_NO_WARNINGS. See online help for details.
  c:\windows kits\10\include\10.0.17134.0\ucrt\string.h(133): note:  см. объявление "strcpy"
d:\subject\bpsp\lab8-10\server\server.cpp(473): warning C4996: 'strcpy': This function or variable may be unsafe. Consider using strcpy_s instead. To disable deprecation, use _CRT_SECURE_NO_WARNINGS. See online help for details.
  c:\windows kits\10\include\10.0.17134.0\ucrt\string.h(133): note:  см. объявление "strcpy"
d:\subject\bpsp\lab8-10\server\server.cpp(474): warning C4996: 'strcpy': This function or variable may be unsafe. Consider using strcpy_s instead. To disable deprecation, use _CRT_SECURE_NO_WARNINGS. See online help for details.
  c:\windows kits\10\include\10.0.17134.0\ucrt\string.h(133): note:  см. объявление "strcpy"
d:\subject\bpsp\lab8-10\server\server.cpp(478): warning C4996: 'strcpy': This function or variable may be unsafe. Consider using strcpy_s instead. To disable deprecation, use _CRT_SECURE_NO_WARNINGS. See online help for details.
  c:\windows kits\10\include\10.0.17134.0\ucrt\string.h(133): note:  см. объявление "strcpy"
d:\subject\bpsp\lab8-10\server\server.cpp(479): warning C4996: 'strcpy': This function or variable may be unsafe. Consider using strcpy_s instead. To disable deprecation, use _CRT_SECURE_NO_WARNINGS. See online help for details.
  c:\windows kits\10\include\10.0.17134.0\ucrt\string.h(133): note:  см. объявление "strcpy"
  Создание кода...
d:\subject\bpsp\lab8-10\server\server.cpp(221): warning C4715: set_param: значение возвращается не при всех путях выполнения
  Server.vcxproj -> D:\Subject\BPSP\Lab8-10\Server\Debug\ConcurrentServer.exe
